2025-04-26 07:06:23,842 [INFO] Initializing firewall configuration
2025-04-26 07:06:23,842 [INFO] Created empty rules configuration
2025-04-26 07:06:23,842 [INFO] Detected network adapters: lo, ens33
2025-04-26 07:06:23,850 [INFO] UFW service detected
2025-04-26 07:06:23,926 [INFO] Disabling UFW firewall
2025-04-26 07:06:30,372 [INFO] Successful login: admin
2025-04-26 07:06:30,407 [INFO] admin started the firewall
2025-04-26 07:08:13,856 [ERROR] admin added rule 'blocknibm' to deny icmp traffic
2025-04-26 07:12:51,209 [WARNING] admin added new user: asma
2025-04-26 07:13:44,480 [WARNING] admin switched to IPS mode
2025-04-26 07:15:13,013 [INFO] admin checked firewall status
2025-04-26 07:15:52,561 [INFO] admin exited the firewall
2025-04-26 07:15:54,772 [INFO] Initializing firewall configuration
2025-04-26 07:15:54,772 [INFO] Detected network adapters: lo, ens33
2025-04-26 07:15:54,780 [INFO] UFW service detected
2025-04-26 07:15:54,809 [INFO] Disabling UFW firewall
2025-04-26 07:15:58,704 [INFO] Successful login: asma
2025-04-26 07:15:58,749 [INFO] asma started the firewall
2025-04-26 07:16:04,529 [ERROR] User asma attempted to access system security
2025-04-26 07:30:46,452 [INFO] asma exited the firewall
2025-04-26 07:33:43,314 [INFO] Initializing firewall configuration
2025-04-26 07:33:43,315 [INFO] Detected network adapters: lo, ens33
2025-04-26 07:33:43,320 [INFO] UFW service detected
2025-04-26 07:33:43,351 [INFO] Disabling UFW firewall
2025-04-26 07:33:43,534 [INFO] Initializing firewall configuration
2025-04-26 07:33:43,534 [INFO] Detected network adapters: lo, ens33
2025-04-26 07:33:43,541 [INFO] UFW service detected
2025-04-26 07:33:43,573 [INFO] Disabling UFW firewall
2025-04-26 07:33:49,520 [ERROR] Error reading user data: not a valid sha256_crypt hash
2025-04-26 07:33:49,659 [INFO] Reset user configuration to defaults
2025-04-26 07:33:49,659 [ERROR] Invalid login attempt for user: admin
2025-04-26 07:33:57,749 [INFO] Successful login: admin
2025-04-26 07:33:57,797 [INFO] admin started the firewall
2025-04-26 07:34:09,504 [INFO] admin started GUI mode
2025-04-26 07:41:59,324 [INFO] admin exited the firewall
2025-04-26 07:42:02,931 [INFO] Initializing firewall configuration
2025-04-26 07:42:02,931 [INFO] Detected network adapters: lo, ens33
2025-04-26 07:42:02,937 [INFO] UFW service detected
2025-04-26 07:42:02,970 [INFO] Disabling UFW firewall
2025-04-26 07:42:08,848 [INFO] Successful login: admin
2025-04-26 07:42:08,950 [INFO] admin started the firewall
2025-04-26 07:42:11,190 [INFO] admin started GUI mode
2025-04-26 07:42:49,203 [INFO] GUI login successful: admin
2025-04-26 07:42:49,711 [INFO] WebSocket connected: admin
2025-04-26 07:43:08,100 [INFO] WebSocket disconnected: admin
2025-04-26 07:43:08,142 [INFO] WebSocket connected: admin
2025-04-26 07:52:27,195 [INFO] WebSocket disconnected: admin
2025-04-26 07:52:30,412 [INFO] admin exited the firewall
2025-04-26 07:52:33,296 [INFO] Initializing firewall configuration
2025-04-26 07:52:33,296 [INFO] Detected network adapters: lo, ens33
2025-04-26 07:52:33,302 [INFO] UFW service detected
2025-04-26 07:52:33,335 [INFO] Disabling UFW firewall
2025-04-26 07:52:38,639 [INFO] Successful login: admin
2025-04-26 07:52:38,680 [INFO] admin started the firewall
2025-04-26 07:52:41,489 [INFO] admin started GUI mode
2025-04-26 07:52:58,430 [INFO] GUI login successful: admin
2025-04-26 07:52:58,706 [INFO] WebSocket connected: admin
2025-04-26 07:53:33,973 [INFO] admin started the firewall
2025-04-26 07:53:42,807 [INFO] admin started the firewall
2025-04-26 07:55:53,351 [INFO] GUI login successful: admin
2025-04-26 07:55:53,495 [INFO] WebSocket connected: admin
2025-04-26 08:08:04,805 [INFO] admin exited the firewall
2025-04-26 09:47:47,141 [INFO] Initializing firewall configuration
2025-04-26 09:47:47,141 [INFO] Detected network adapters: lo, ens33
2025-04-26 09:47:47,202 [INFO] UFW service detected
2025-04-26 09:47:47,248 [INFO] Disabling UFW firewall
2025-04-26 10:10:23,426 [INFO] Successful login: admin
2025-04-26 10:10:25,651 [INFO] admin started the firewall
2025-04-26 10:27:19,256 [INFO] Initializing firewall configuration
2025-04-26 10:27:19,256 [INFO] Detected network adapters: lo, ens33
2025-04-26 10:27:19,264 [INFO] UFW service detected
2025-04-26 10:27:19,305 [INFO] Disabling UFW firewall
2025-04-26 10:27:24,427 [INFO] Successful login: admin
2025-04-26 10:27:24,770 [INFO] admin started the firewall
2025-04-26 10:27:32,602 [INFO] admin started GUI mode
2025-04-26 10:27:36,676 [INFO] admin exited the firewall
2025-04-26 11:16:59,809 [INFO] Initializing firewall configuration
2025-04-26 11:16:59,809 [INFO] Detected network adapters: lo, ens33
2025-04-26 11:16:59,817 [INFO] UFW service detected
2025-04-26 11:16:59,864 [INFO] Disabling UFW firewall
2025-04-26 11:17:05,194 [INFO] Successful login: admin
2025-04-26 11:17:05,391 [INFO] admin started the firewall
2025-04-26 11:17:07,436 [INFO] admin started GUI mode
2025-04-26 11:17:24,836 [INFO] GUI login successful: admin
2025-04-26 11:17:24,944 [INFO] WebSocket connected: admin
2025-04-26 11:20:57,429 [INFO] admin started the firewall
2025-04-26 11:20:58,232 [WARNING] admin stopped the firewall
2025-04-26 11:23:29,448 [INFO] WebSocket disconnected: admin
2025-04-26 12:32:04,952 [INFO] Initializing firewall configuration
2025-04-26 12:32:04,953 [INFO] Detected network adapters: lo, ens33
2025-04-26 12:32:04,960 [INFO] UFW service detected
2025-04-26 12:32:05,000 [INFO] Disabling UFW firewall
2025-04-26 12:32:12,817 [INFO] Successful login: admin
2025-04-26 12:32:12,950 [INFO] admin started the firewall
2025-04-26 12:32:14,849 [INFO] admin started GUI mode
2025-04-26 12:32:30,085 [INFO] GUI login successful: admin
2025-04-26 12:32:30,208 [INFO] WebSocket connected: admin
2025-04-26 12:32:52,040 [INFO] Initializing firewall configuration
2025-04-26 12:32:52,040 [INFO] Detected network adapters: lo, ens33
2025-04-26 12:32:52,046 [INFO] UFW service detected
2025-04-26 12:32:52,086 [INFO] Disabling UFW firewall
2025-04-26 12:32:56,701 [INFO] Successful login: admin
2025-04-26 12:32:56,824 [INFO] admin started the firewall
2025-04-26 12:33:00,443 [INFO] Unauthenticated WebSocket connection
2025-04-26 13:09:46,129 [INFO] Unauthenticated WebSocket disconnected
2025-04-26 13:09:50,840 [INFO] admin exited the firewall
2025-04-26 13:09:52,979 [INFO] Initializing firewall configuration
2025-04-26 13:09:52,980 [INFO] Detected network adapters: lo, ens33
2025-04-26 13:09:52,986 [INFO] UFW service detected
2025-04-26 13:09:53,027 [INFO] Disabling UFW firewall
2025-04-26 13:09:57,454 [INFO] Successful login: admin
2025-04-26 13:09:57,576 [INFO] admin started the firewall
2025-04-26 13:10:00,354 [INFO] admin started GUI mode
2025-04-26 13:10:14,772 [INFO] GUI login successful: admin
2025-04-26 13:10:14,866 [INFO] WebSocket connected: admin
2025-04-26 13:10:24,223 [INFO] WebSocket disconnected: admin
2025-04-26 13:10:28,946 [INFO] admin exited the firewall
2025-04-26 23:49:53,263 [INFO] Initializing firewall configuration
2025-04-26 23:49:53,263 [INFO] Detected network adapters: lo, ens33
2025-04-26 23:49:53,269 [INFO] UFW service detected
2025-04-26 23:49:53,337 [INFO] Disabling UFW firewall
2025-04-26 23:50:03,505 [INFO] Successful login: admin
2025-04-26 23:50:03,605 [INFO] admin started the firewall
2025-04-26 23:51:09,017 [INFO] admin started GUI mode
2025-04-26 23:51:27,680 [INFO] GUI login successful: admin
2025-04-26 23:51:27,772 [INFO] WebSocket connected: admin
2025-04-27 00:47:15,250 [INFO] WebSocket disconnected: admin
2025-04-27 00:47:15,252 [INFO] GUI user logged out: admin
2025-04-27 00:47:20,845 [ERROR] GUI invalid login attempt for user: admin
2025-04-27 00:47:30,592 [ERROR] GUI invalid login attempt for user: admin
2025-04-27 00:47:43,624 [ERROR] GUI invalid login attempt for user: admin 
2025-04-27 00:48:03,033 [INFO] GUI login successful: admin
2025-04-27 00:48:03,098 [INFO] WebSocket connected: admin
2025-04-27 01:06:52,166 [INFO] WebSocket disconnected: admin
2025-04-27 01:06:56,113 [INFO] admin exited the firewall
2025-04-27 01:18:15,090 [INFO] Initializing firewall configuration
2025-04-27 01:18:15,090 [INFO] Detected network adapters: lo, ens33
2025-04-27 01:18:15,097 [INFO] UFW service detected
2025-04-27 01:18:15,128 [INFO] Disabling UFW firewall
2025-04-27 01:18:19,135 [INFO] Successful login: admin
2025-04-27 01:18:19,288 [INFO] admin started the firewall
2025-04-27 01:18:23,828 [WARNING] admin switched to IPS mode
2025-04-27 01:20:19,229 [INFO] admin exited the firewall
2025-04-27 01:20:23,669 [INFO] Initializing firewall configuration
2025-04-27 01:20:23,669 [INFO] Detected network adapters: lo, ens33
2025-04-27 01:20:23,675 [INFO] UFW service detected
2025-04-27 01:20:23,712 [INFO] Disabling UFW firewall
2025-04-27 01:20:28,121 [INFO] Successful login: admin
2025-04-27 01:20:28,241 [INFO] admin started the firewall
2025-04-27 01:20:34,368 [WARNING] admin switched to IPS mode
2025-04-27 01:20:39,886 [INFO] admin started GUI mode
2025-04-27 01:20:53,251 [INFO] GUI login successful: admin
2025-04-27 01:21:18,902 [INFO] admin exited the firewall
2025-04-27 01:21:21,428 [INFO] Initializing firewall configuration
2025-04-27 01:21:21,429 [INFO] Detected network adapters: lo, ens33
2025-04-27 01:21:21,435 [INFO] UFW service detected
2025-04-27 01:21:21,465 [INFO] Disabling UFW firewall
2025-04-27 01:21:25,940 [INFO] Successful login: admin
2025-04-27 01:21:26,060 [INFO] admin started the firewall
2025-04-27 01:21:29,281 [INFO] admin started GUI mode
2025-04-27 01:21:42,609 [INFO] GUI login successful: admin
2025-04-27 01:21:42,684 [INFO] WebSocket connected: admin
2025-04-27 01:21:51,324 [INFO] WebSocket disconnected: admin
2025-04-27 01:21:51,401 [INFO] WebSocket connected: admin
2025-04-27 01:22:03,302 [INFO] WebSocket disconnected: admin
2025-04-27 01:22:03,359 [INFO] WebSocket connected: admin
2025-04-27 01:22:11,110 [INFO] WebSocket disconnected: admin
2025-04-27 01:22:30,286 [INFO] GUI login successful: admin
2025-04-27 01:22:30,373 [INFO] WebSocket connected: admin
2025-04-27 01:22:40,199 [INFO] WebSocket disconnected: admin
2025-04-27 01:22:49,305 [INFO] admin exited the firewall
2025-04-27 01:54:30,840 [INFO] Initializing firewall configuration
2025-04-27 01:54:30,840 [INFO] Detected network adapters: lo, ens33
2025-04-27 01:54:30,846 [INFO] UFW service detected
2025-04-27 01:54:30,881 [INFO] Disabling UFW firewall
2025-04-27 01:54:35,869 [INFO] Successful login: admin
2025-04-27 01:54:36,088 [INFO] admin started the firewall
2025-04-27 01:54:38,000 [INFO] admin started GUI mode
2025-04-27 01:54:51,441 [INFO] GUI login successful: admin
2025-04-27 01:54:51,519 [INFO] WebSocket connected: admin
2025-04-27 01:56:48,348 [INFO] WebSocket disconnected: admin
2025-04-27 01:56:51,295 [INFO] admin exited the firewall
2025-04-27 02:17:43,762 [INFO] Initializing firewall configuration
2025-04-27 02:17:43,763 [INFO] Detected network adapters: lo, ens33
2025-04-27 02:17:43,769 [INFO] UFW service detected
2025-04-27 02:17:43,803 [INFO] Disabling UFW firewall
2025-04-27 02:17:48,709 [INFO] Successful login: admin
2025-04-27 02:17:48,844 [INFO] admin started the firewall
2025-04-27 02:17:50,686 [INFO] admin started GUI mode
2025-04-27 02:18:04,426 [INFO] GUI login successful: admin
2025-04-27 02:18:04,532 [INFO] WebSocket connected: admin
2025-04-27 02:20:06,498 [INFO] WebSocket disconnected: admin
2025-04-27 02:20:09,393 [INFO] admin exited the firewall
2025-04-27 02:22:53,354 [INFO] Initializing firewall configuration
2025-04-27 02:22:53,354 [INFO] Detected network adapters: lo, ens33
2025-04-27 02:22:53,361 [INFO] UFW service detected
2025-04-27 02:22:53,396 [INFO] Disabling UFW firewall
2025-04-27 02:22:58,479 [INFO] Successful login: admin
2025-04-27 02:22:58,626 [INFO] admin started the firewall
2025-04-27 02:23:00,438 [INFO] admin started GUI mode
2025-04-27 02:23:14,096 [INFO] GUI login successful: admin
2025-04-27 02:24:02,384 [INFO] admin exited the firewall
2025-04-27 02:43:06,455 [INFO] Initializing firewall configuration
2025-04-27 02:43:06,455 [INFO] Detected network adapters: lo, ens33
2025-04-27 02:43:06,461 [INFO] UFW service detected
2025-04-27 02:43:06,500 [INFO] Disabling UFW firewall
2025-04-27 02:43:11,191 [INFO] Successful login: admin
2025-04-27 02:43:11,364 [INFO] admin started the firewall
2025-04-27 02:43:14,827 [INFO] admin started GUI mode
2025-04-27 02:43:27,198 [INFO] GUI login successful: admin
2025-04-27 02:43:34,818 [INFO] GUI user logged out: admin
2025-04-27 02:43:52,176 [INFO] admin exited the firewall
2025-04-27 02:43:56,444 [INFO] Initializing firewall configuration
2025-04-27 02:43:56,444 [INFO] Detected network adapters: lo, ens33
2025-04-27 02:43:56,452 [INFO] UFW service detected
2025-04-27 02:43:56,489 [INFO] Disabling UFW firewall
2025-04-27 02:44:01,048 [INFO] Successful login: admin
2025-04-27 02:44:01,153 [INFO] admin started the firewall
2025-04-27 02:44:03,321 [INFO] admin started GUI mode
2025-04-27 02:44:37,609 [INFO] GUI login successful: admin
2025-04-27 02:44:37,735 [INFO] WebSocket connected: admin
2025-04-27 02:44:53,359 [INFO] WebSocket disconnected: admin
2025-04-27 02:44:57,260 [INFO] admin exited the firewall
2025-04-27 02:49:29,896 [INFO] Initializing firewall configuration
2025-04-27 02:49:29,896 [INFO] Detected network adapters: lo, ens33
2025-04-27 02:49:29,903 [INFO] UFW service detected
2025-04-27 02:49:29,943 [INFO] Disabling UFW firewall
2025-04-27 02:49:34,202 [INFO] Successful login: admin
2025-04-27 02:49:34,386 [INFO] admin started the firewall
2025-04-27 02:49:36,095 [INFO] admin started GUI mode
2025-04-27 02:49:47,213 [INFO] GUI login successful: admin
2025-04-27 02:49:47,321 [INFO] WebSocket connected: admin
2025-04-27 02:51:50,339 [INFO] WebSocket disconnected: admin
2025-04-27 02:51:52,723 [INFO] admin exited the firewall
2025-04-27 02:54:21,501 [INFO] Initializing firewall configuration
2025-04-27 02:54:21,502 [INFO] Detected network adapters: lo, ens33
2025-04-27 02:54:21,510 [INFO] UFW service detected
2025-04-27 02:54:21,547 [INFO] Disabling UFW firewall
2025-04-27 02:54:25,760 [INFO] Successful login: admin
2025-04-27 02:54:25,890 [INFO] admin started the firewall
2025-04-27 02:54:27,733 [INFO] admin started GUI mode
2025-04-27 02:54:38,451 [INFO] GUI login successful: admin
2025-04-27 02:55:38,756 [INFO] admin exited the firewall
2025-04-27 02:59:35,279 [INFO] Initializing firewall configuration
2025-04-27 02:59:35,279 [INFO] Detected network adapters: lo, ens33
2025-04-27 02:59:35,286 [INFO] UFW service detected
2025-04-27 02:59:35,327 [INFO] Disabling UFW firewall
2025-04-27 02:59:39,750 [INFO] Successful login: admin
2025-04-27 02:59:39,926 [INFO] admin started the firewall
2025-04-27 02:59:45,611 [INFO] admin started GUI mode
2025-04-27 02:59:56,003 [INFO] GUI login successful: admin
2025-04-27 02:59:56,106 [INFO] WebSocket connected: admin
2025-04-27 03:05:35,174 [INFO] WebSocket disconnected: admin
2025-04-27 03:05:35,252 [INFO] WebSocket connected: admin
2025-04-27 03:05:35,845 [INFO] WebSocket disconnected: admin
2025-04-27 03:05:35,922 [INFO] WebSocket connected: admin
2025-04-27 03:05:37,437 [INFO] WebSocket disconnected: admin
2025-04-27 03:05:39,944 [INFO] admin exited the firewall
2025-04-27 03:05:42,173 [INFO] Initializing firewall configuration
2025-04-27 03:05:42,173 [INFO] Detected network adapters: lo, ens33
2025-04-27 03:05:42,180 [INFO] UFW service detected
2025-04-27 03:05:42,215 [INFO] Disabling UFW firewall
2025-04-27 03:05:46,331 [INFO] Successful login: admin
2025-04-27 03:05:46,441 [INFO] admin started the firewall
2025-04-27 03:05:48,092 [INFO] admin started GUI mode
2025-04-27 03:05:58,899 [INFO] GUI login successful: admin
2025-04-27 03:05:59,020 [INFO] WebSocket connected: admin
2025-04-27 03:07:21,474 [INFO] WebSocket disconnected: admin
2025-04-27 03:07:24,937 [INFO] admin exited the firewall
2025-04-27 03:08:03,396 [INFO] Initializing firewall configuration
2025-04-27 03:08:03,396 [INFO] Detected network adapters: lo, ens33
2025-04-27 03:08:03,403 [INFO] UFW service detected
2025-04-27 03:08:03,440 [INFO] Disabling UFW firewall
2025-04-27 03:08:07,833 [INFO] Successful login: admin
2025-04-27 03:08:07,986 [INFO] admin started the firewall
2025-04-27 03:08:09,389 [INFO] admin started GUI mode
2025-04-27 03:08:20,319 [INFO] GUI login successful: admin
2025-04-27 03:08:20,418 [INFO] WebSocket connected: admin
2025-04-27 03:08:29,340 [INFO] WebSocket disconnected: admin
2025-04-27 03:08:32,322 [INFO] admin exited the firewall
2025-04-27 03:08:47,442 [INFO] Initializing firewall configuration
2025-04-27 03:08:47,442 [INFO] Detected network adapters: lo, ens33
2025-04-27 03:08:47,450 [INFO] UFW service detected
2025-04-27 03:08:47,489 [INFO] Disabling UFW firewall
2025-04-27 03:08:51,794 [INFO] Successful login: admin
2025-04-27 03:08:51,878 [INFO] admin started the firewall
2025-04-27 03:08:53,387 [INFO] admin started GUI mode
2025-04-27 03:09:04,674 [INFO] GUI login successful: admin
2025-04-27 03:09:04,781 [INFO] WebSocket connected: admin
2025-04-27 03:10:39,314 [INFO] admin started the firewall
2025-04-27 03:10:39,956 [WARNING] admin stopped the firewall
2025-04-27 03:10:40,366 [WARNING] admin stopped the firewall
2025-04-27 03:10:41,462 [INFO] admin started the firewall
2025-04-27 03:10:41,463 [WARNING] admin restarted the firewall
2025-04-27 03:10:41,696 [WARNING] admin stopped the firewall
2025-04-27 03:10:54,058 [INFO] WebSocket disconnected: admin
2025-04-27 03:11:12,817 [WARNING] admin deleted rule 'blocknibm'
2025-04-27 03:11:55,432 [ERROR] admin added rule 'blockn' to deny icmp traffic
2025-04-27 03:12:40,359 [INFO] admin exited the firewall
2025-04-27 03:14:06,401 [INFO] Initializing firewall configuration
2025-04-27 03:14:06,402 [INFO] Detected network adapters: lo, ens33
2025-04-27 03:14:06,411 [INFO] UFW service detected
2025-04-27 03:14:06,452 [INFO] Disabling UFW firewall
2025-04-27 03:14:12,431 [INFO] Successful login: admin
2025-04-27 03:14:12,643 [INFO] admin started the firewall
2025-04-27 03:14:41,993 [INFO] admin exited the firewall
2025-04-27 04:43:28,143 [INFO] Initializing firewall configuration
2025-04-27 04:43:28,144 [INFO] Detected network adapters: lo, ens33
2025-04-27 04:43:28,150 [INFO] UFW service detected
2025-04-27 04:43:28,219 [INFO] Disabling UFW firewall
2025-04-27 04:43:34,437 [INFO] Successful login: admin
2025-04-27 04:43:34,538 [INFO] admin started the firewall
2025-04-27 04:43:37,280 [INFO] admin started GUI mode
2025-04-27 04:43:52,959 [INFO] GUI login successful: admin
2025-04-27 04:43:53,058 [INFO] WebSocket connected: admin
2025-04-27 04:44:11,019 [INFO] WebSocket disconnected: admin
2025-04-27 04:44:15,123 [INFO] admin exited the firewall
2025-04-27 07:44:00,317 [INFO] Initializing firewall configuration
2025-04-27 07:44:00,318 [INFO] Detected network adapters: lo, ens33
2025-04-27 07:44:00,324 [INFO] UFW service detected
2025-04-27 07:44:00,388 [INFO] Disabling UFW firewall
2025-04-27 07:44:05,514 [INFO] Successful login: admin
2025-04-27 07:44:05,678 [INFO] admin started the firewall
2025-04-27 07:44:07,421 [INFO] admin started GUI mode
2025-04-27 07:45:17,110 [INFO] GUI login successful: admin
2025-04-27 07:45:17,236 [INFO] WebSocket connected: admin
2025-04-27 07:45:43,866 [INFO] admin (GUI) added rule 'as' to allow icmp traffic
2025-04-27 07:45:49,164 [WARNING] admin (GUI) deleted rule 'as'
2025-04-27 08:02:47,751 [INFO] WebSocket disconnected: admin
2025-04-27 08:02:50,314 [INFO] admin exited the firewall
2025-04-27 08:02:54,556 [INFO] Initializing firewall configuration
2025-04-27 08:02:54,556 [INFO] Detected network adapters: lo, ens33
2025-04-27 08:02:54,563 [INFO] UFW service detected
2025-04-27 08:02:54,603 [INFO] Disabling UFW firewall
2025-04-27 08:02:58,670 [INFO] Successful login: admin
2025-04-27 08:02:58,729 [INFO] admin started the firewall
2025-04-27 08:03:00,832 [INFO] admin started GUI mode
2025-04-27 08:03:10,881 [INFO] GUI login successful: admin
2025-04-27 08:05:13,244 [INFO] admin exited the firewall
2025-04-27 08:10:05,958 [INFO] Initializing firewall configuration
2025-04-27 08:10:05,959 [INFO] Detected network adapters: lo, ens33
2025-04-27 08:10:05,966 [INFO] UFW service detected
2025-04-27 08:10:06,005 [INFO] Disabling UFW firewall
2025-04-27 08:10:10,025 [INFO] Successful login: admin
2025-04-27 08:10:10,088 [INFO] admin started the firewall
2025-04-27 08:10:11,827 [INFO] admin started GUI mode
2025-04-27 08:10:20,778 [INFO] GUI login successful: admin
2025-04-27 08:10:20,881 [INFO] WebSocket connected: admin
2025-04-27 08:21:33,381 [INFO] WebSocket disconnected: admin
2025-04-27 08:21:35,960 [INFO] admin exited the firewall
2025-04-27 08:21:40,250 [INFO] Initializing firewall configuration
2025-04-27 08:21:40,250 [INFO] Detected network adapters: lo, ens33
2025-04-27 08:21:40,257 [INFO] UFW service detected
2025-04-27 08:21:40,296 [INFO] Disabling UFW firewall
2025-04-27 08:21:44,430 [INFO] Successful login: admin
2025-04-27 08:21:44,480 [INFO] admin started the firewall
2025-04-27 08:21:46,208 [INFO] admin started GUI mode
2025-04-27 08:21:55,352 [INFO] GUI login successful: admin
2025-04-27 08:21:55,481 [INFO] WebSocket connected: admin
2025-04-27 08:23:32,771 [INFO] WebSocket disconnected: admin
2025-04-27 08:24:12,902 [INFO] admin exited the firewall
2025-04-27 08:27:23,967 [INFO] Initializing firewall configuration
2025-04-27 08:27:23,967 [INFO] Detected network adapters: lo, ens33
2025-04-27 08:27:23,975 [INFO] UFW service detected
2025-04-27 08:27:24,016 [INFO] Disabling UFW firewall
2025-04-27 08:27:28,406 [INFO] Successful login: admin
2025-04-27 08:27:28,478 [INFO] admin started the firewall
2025-04-27 08:27:30,006 [INFO] admin started GUI mode
2025-04-27 08:27:39,207 [INFO] GUI login successful: admin
2025-04-27 08:27:39,315 [INFO] WebSocket connected: admin
2025-04-27 08:27:50,883 [WARNING] admin stopped the firewall
2025-04-27 08:27:51,737 [INFO] admin started the firewall
2025-04-27 08:28:03,911 [INFO] WebSocket disconnected: admin
2025-04-27 08:28:47,735 [INFO] admin exited the firewall
2025-04-27 10:08:22,013 [INFO] Initializing firewall configuration
2025-04-27 10:08:22,014 [INFO] Detected network adapters: lo, ens33
2025-04-27 10:08:22,019 [INFO] UFW service detected
2025-04-27 10:08:22,083 [INFO] Disabling UFW firewall
2025-04-27 10:08:26,025 [INFO] Successful login: admin
2025-04-27 10:08:26,127 [INFO] admin started the firewall
2025-04-27 10:08:27,732 [INFO] admin started GUI mode
2025-04-27 10:08:41,141 [INFO] GUI login successful: admin
2025-04-27 10:08:41,239 [INFO] WebSocket connected: admin
2025-04-27 10:08:50,309 [INFO] WebSocket disconnected: admin
2025-04-27 10:08:53,140 [INFO] admin exited the firewall
